0 verbose cli C:\Program Files\nodejs\node.exe C:\Users\Mithat Kara\AppData\Roaming\npm\node_modules\npm\bin\npm-cli.js
1 info using npm@8.6.0
2 info using node@v16.13.1
3 timing npm:load:whichnode Completed in 0ms
4 timing config:load:defaults Completed in 2ms
5 timing config:load:file:C:\Users\Mithat Kara\AppData\Roaming\npm\node_modules\npm\npmrc Completed in 3ms
6 timing config:load:builtin Completed in 3ms
7 timing config:load:cli Completed in 2ms
8 timing config:load:env Completed in 0ms
9 timing config:load:file:c:\Users\Mithat Kara\OneDrive\Masaüstü\React-Projeler\react-social\.npmrc Completed in 0ms
10 timing config:load:project Completed in 3ms
11 timing config:load:file:C:\Users\Mithat Kara\.npmrc Completed in 1ms
12 timing config:load:user Completed in 1ms
13 timing config:load:file:C:\Users\Mithat Kara\AppData\Roaming\npm\etc\npmrc Completed in 1ms
14 timing config:load:global Completed in 1ms
15 timing config:load:validate Completed in 0ms
16 timing config:load:credentials Completed in 1ms
17 timing config:load:setEnvs Completed in 1ms
18 timing config:load Completed in 14ms
19 timing npm:load:configload Completed in 14ms
20 timing npm:load:mkdirpcache Completed in 1ms
21 timing npm:load:mkdirplogs Completed in 0ms
22 verbose title npm view @testing-library/user-event description dist-tags.latest homepage version
23 verbose argv "view" "--json" "@testing-library/user-event" "description" "dist-tags.latest" "homepage" "version"
24 timing npm:load:setTitle Completed in 1ms
25 timing config:load:flatten Completed in 2ms
26 timing npm:load:display Completed in 2ms
27 verbose logfile logs-max:10 dir:c:\Users\Mithat Kara\OneDrive\Masaüstü\React-Projeler\react-social\_logs
28 verbose logfile c:\Users\Mithat Kara\OneDrive\Masaüstü\React-Projeler\react-social\_logs\2022-04-11T00_02_56_119Z-debug-0.log
29 timing npm:load:logFile Completed in 7ms
30 timing npm:load:timers Completed in 0ms
31 timing npm:load:configScope Completed in 0ms
32 timing npm:load Completed in 26ms
33 silly logfile start cleaning logs, removing 5 files
34 silly logfile error removing log file c:/Users/Mithat Kara/OneDrive/Masaüstü/React-Projeler/react-social/_logs/2022-04-10T23_43_00_216Z-debug-0.log [Error: EPERM: operation not permitted, unlink 'c:\Users\Mithat Kara\OneDrive\Masaüstü\React-Projeler\react-social\_logs\2022-04-10T23_43_00_216Z-debug-0.log'] {
34 silly logfile   errno: -4048,
34 silly logfile   code: 'EPERM',
34 silly logfile   syscall: 'unlink',
34 silly logfile   path: 'c:\\Users\\Mithat Kara\\OneDrive\\Masaüstü\\React-Projeler\\react-social\\_logs\\2022-04-10T23_43_00_216Z-debug-0.log'
34 silly logfile }
35 silly logfile error removing log file c:/Users/Mithat Kara/OneDrive/Masaüstü/React-Projeler/react-social/_logs/2022-04-10T23_58_43_015Z-debug-0.log [Error: EPERM: operation not permitted, unlink 'c:\Users\Mithat Kara\OneDrive\Masaüstü\React-Projeler\react-social\_logs\2022-04-10T23_58_43_015Z-debug-0.log'] {
35 silly logfile   errno: -4048,
35 silly logfile   code: 'EPERM',
35 silly logfile   syscall: 'unlink',
35 silly logfile   path: 'c:\\Users\\Mithat Kara\\OneDrive\\Masaüstü\\React-Projeler\\react-social\\_logs\\2022-04-10T23_58_43_015Z-debug-0.log'
35 silly logfile }
36 silly logfile done cleaning log files
37 http fetch GET 200 https://registry.npmjs.org/@testing-library%2fuser-event 1330ms (cache revalidated)
38 timing command:view Completed in 1361ms
39 verbose exit 0
40 timing npm Completed in 1398ms
41 info ok
